2018-01-09 15:38:22 ERROR Properties::load open file failed .\reaper.cfg
2018-01-09 15:38:22 INFO Configuration::parseApplicationInfo IE setting will be initialized in async
2018-01-09 15:38:22 INFO System::getMacAddressNew adapter: name=Realtek PCIe GBE Family Controller, mac=c85b764b1640, ifType=6
2018-01-09 15:38:22 ERROR Failed to initialize COM libraray. Error code = 0x80010106
2018-01-09 15:38:22 ERROR Failed to initialize COM libraray. Error code = 0x80010106
2018-01-09 15:38:22 INFO TaskExecutor::init thread 1 threadId=[4480]
2018-01-09 15:38:22 INFO TaskExecutor::init succeed. size=1
2018-01-09 15:38:22 INFO TaskExecutor::init thread 1 threadId=[32828]
2018-01-09 15:38:22 DEBUG TaskExecutor::_threadFunc[4480] enter
2018-01-09 15:38:22 INFO TaskExecutor::init succeed. size=1
2018-01-09 15:38:22 DEBUG TaskExecutor::_threadFunc[32828] enter
2018-01-09 15:38:22 INFO Configuration::asyncIESetting null proxy url
2018-01-09 15:38:22 DEBUG await [4480] 3
2018-01-09 15:38:22 INFO AnalyticsTracker::trackInitial sdkVersion=10.1.34, isInit2=0
2018-01-09 15:38:22 WARN ConfigurationUpdateTask::check server post url is null.
2018-01-09 15:38:22 INFO FileStorage::open file .\log\lenovo_reaper.db7 created
2018-01-09 15:38:22 INFO FileStorage::open file .\log\lenovo_reaper.db7 open succeed
2018-01-09 15:38:22 DEBUG FileStorage::readRecord read 0 characters
2018-01-09 15:38:22 INFO FileEventDaoImpl::activeSession DB init
2018-01-09 15:38:22 DEBUG FileStorage::position failed offset=0, tellg=-1, tellp=-1
2018-01-09 15:38:22 DEBUG FileStorage::position again offset=0, tellg=0, tellp=0
2018-01-09 15:38:22 DEBUG FileStorage::writeRecord write 70 characters
2018-01-09 15:38:22 DEBUG await [32828] 5
2018-01-09 15:38:22 WARN ConfigurationUpdateTask::check server post url is null.
2018-01-09 15:38:22 DEBUG FileStorage::writeRecord write 107 characters
2018-01-09 15:38:22 DEBUG FileStorage::writeRecord write 70 characters
2018-01-09 15:38:22 DEBUG await [32828] 0
2018-01-09 15:38:22 DEBUG FileStorage::writeRecord write 210 characters
2018-01-09 15:38:22 DEBUG FileStorage::writeRecord write 70 characters
2018-01-09 15:38:22 DEBUG await [4480] 0
2018-01-09 15:38:22 DEBUG FileStorage::readRecord read 4096 characters
2018-01-09 15:38:22 DEBUG FileStorage::readRecord read 209 characters
2018-01-09 15:38:22 DEBUG HttpRequestHandler::postEvents enter listSize=2
2018-01-09 15:38:22 INFO AnalyticsTracker::sendEvents no reported event.
2018-01-09 15:38:22 WARN ConfigurationUpdateTask::check server post url is null.
2018-01-09 15:38:22 DEBUG FileStorage::position failed offset=4096, tellg=-1, tellp=-1
2018-01-09 15:38:22 DEBUG FileStorage::position again offset=4096, tellg=4096, tellp=4096
2018-01-09 15:38:22 DEBUG FileStorage::readRecord read 4096 characters
2018-01-09 15:38:22 DEBUG FileStorage::readRecord read 209 characters
2018-01-09 15:38:22 DEBUG HttpRequestHandler::postEvents enter listSize=2
2018-01-09 15:38:22 INFO AnalyticsTracker::sendEvents no reported event.
2018-01-09 15:38:22 DEBUG await [32828] 0
2018-01-09 15:40:05 INFO AnalyticsTracker::syncExit enter
2018-01-09 15:40:05 DEBUG FileStorage::position failed offset=12288, tellg=-1, tellp=-1
2018-01-09 15:40:05 DEBUG FileStorage::position again offset=12288, tellg=-1, tellp=-1
2018-01-09 15:40:05 ERROR FileStorage::writeRecord failed because file is not open
2018-01-09 15:40:05 ERROR FileStorage::position 0 failed because file is not open
2018-01-09 15:40:05 ERROR FileStorage::writeRecord failed because file is not open
2018-01-09 15:40:05 ERROR FileStorage::flush failed because file is not open
2018-01-09 15:40:05 INFO AnalyticsTracker::syncExit returned after 0 ms
2018-01-09 15:40:05 DEBUG TaskExecutor::notifyAllAndWait WaitForMultipleObjects returned
2018-01-09 15:40:05 INFO TaskExecutor::notifyAllAndWait finished
2018-01-09 15:40:05 DEBUG TaskExecutor::notifyAllAndWait WaitForMultipleObjects returned
2018-01-09 15:40:05 INFO TaskExecutor::notifyAllAndWait finished
2018-01-09 15:40:05 INFO AnalyticsTracker::~AnalyticsTracker finished
2018-01-09 15:40:05 INFO TaskExecutor::~TaskExecutor finished
2018-01-09 15:40:05 INFO TaskExecutor::~TaskExecutor finished
2018-01-23 21:24:35 ERROR Properties::load open file failed .\reaper.cfg
2018-01-23 21:24:35 INFO Configuration::parseApplicationInfo IE setting will be initialized in async
2018-01-23 21:24:35 INFO System::getMacAddressNew adapter: name=Realtek PCIe GBE Family Controller, mac=c85b764b1640, ifType=6
2018-01-23 21:24:35 ERROR Failed to initialize COM libraray. Error code = 0x80010106
2018-01-23 21:24:35 ERROR Failed to initialize COM libraray. Error code = 0x80010106
2018-01-23 21:24:35 DEBUG TaskExecutor::_threadFunc[0] enter
2018-01-23 21:24:35 INFO TaskExecutor::init thread 1 threadId=[40872]
2018-01-23 21:24:35 INFO TaskExecutor::init succeed. size=1
2018-01-23 21:24:35 INFO TaskExecutor::init thread 1 threadId=[50796]
2018-01-23 21:24:35 INFO TaskExecutor::init succeed. size=1
2018-01-23 21:24:35 DEBUG TaskExecutor::_threadFunc[50796] enter
2018-01-23 21:24:35 INFO Configuration::asyncIESetting null proxy url
2018-01-23 21:24:35 INFO AnalyticsTracker::trackInitial sdkVersion=10.1.34, isInit2=0
2018-01-23 21:24:35 DEBUG await [40872] 3
2018-01-23 21:24:35 WARN ConfigurationUpdateTask::check server post url is null.
2018-01-23 21:24:35 INFO FileStorage::open file .\log\lenovo_reaper.db7 open succeed
2018-01-23 21:24:35 DEBUG FileStorage::readRecord read 4096 characters
2018-01-23 21:24:35 INFO FileEventDaoImpl::activeSession DB load success
2018-01-23 21:24:35 INFO FileEventDaoImpl::activeSession sessionID=41
2018-01-23 21:24:35 DEBUG FileStorage::writeRecord write 70 characters
2018-01-23 21:24:35 DEBUG await [50796] 4
2018-01-23 21:24:35 WARN ConfigurationUpdateTask::check server post url is null.
2018-01-23 21:24:35 DEBUG FileStorage::writeRecord write 107 characters
2018-01-23 21:24:35 DEBUG FileStorage::writeRecord write 70 characters
2018-01-23 21:24:35 DEBUG await [50796] 1
2018-01-23 21:24:35 DEBUG FileStorage::writeRecord write 210 characters
2018-01-23 21:24:35 DEBUG FileStorage::writeRecord write 70 characters
2018-01-23 21:24:35 DEBUG await [40872] 0
2018-01-23 21:24:35 DEBUG FileStorage::readRecord read 4096 characters
2018-01-23 21:24:35 DEBUG FileStorage::readRecord read 4096 characters
2018-01-23 21:24:35 DEBUG FileStorage::readRecord read 4096 characters
2018-01-23 21:24:35 DEBUG FileStorage::readRecord read 209 characters
2018-01-23 21:24:35 DEBUG HttpRequestHandler::postEvents enter listSize=4
2018-01-23 21:24:35 INFO AnalyticsTracker::sendEvents no reported event.
2018-01-23 21:24:35 WARN ConfigurationUpdateTask::check server post url is null.
2018-01-23 21:24:35 DEBUG FileStorage::position failed offset=4096, tellg=-1, tellp=-1
2018-01-23 21:24:35 DEBUG FileStorage::position again offset=4096, tellg=4096, tellp=4096
2018-01-23 21:24:35 DEBUG FileStorage::readRecord read 4096 characters
2018-01-23 21:24:35 DEBUG FileStorage::readRecord read 4096 characters
2018-01-23 21:24:35 DEBUG FileStorage::readRecord read 4096 characters
2018-01-23 21:24:35 DEBUG FileStorage::readRecord read 209 characters
2018-01-23 21:24:35 DEBUG HttpRequestHandler::postEvents enter listSize=4
2018-01-23 21:24:35 INFO AnalyticsTracker::sendEvents no reported event.
2018-01-23 21:24:35 DEBUG await [50796] 0
2018-01-23 21:25:16 INFO AnalyticsTracker::syncExit enter
2018-01-23 21:25:16 DEBUG FileStorage::position failed offset=20480, tellg=-1, tellp=-1
2018-01-23 21:25:16 DEBUG FileStorage::position again offset=20480, tellg=20480, tellp=20480
2018-01-23 21:25:16 DEBUG FileStorage::writeRecord write 172 characters
2018-01-23 21:25:16 DEBUG FileStorage::writeRecord write 70 characters
2018-01-23 21:25:16 INFO AnalyticsTracker::syncExit returned after 1 ms
2018-01-23 21:25:16 DEBUG TaskExecutor::notifyAllAndWait WaitForMultipleObjects returned
2018-01-23 21:25:16 INFO TaskExecutor::notifyAllAndWait finished
2018-01-23 21:25:16 DEBUG TaskExecutor::notifyAllAndWait WaitForMultipleObjects returned
2018-01-23 21:25:16 INFO TaskExecutor::notifyAllAndWait finished
2018-01-23 21:25:16 INFO AnalyticsTracker::~AnalyticsTracker finished
2018-01-23 21:25:16 INFO TaskExecutor::~TaskExecutor finished
2018-01-23 21:25:16 INFO TaskExecutor::~TaskExecutor finished
